{"G:\\Libraries\\Documents\\__self-rojects\\hrms-ui\\app\\components\\TopBar.vue": {"path":"G:\\Libraries\\Documents\\__self-rojects\\hrms-ui\\app\\components\\TopBar.vue","statementMap":{"0":{"start":{"line":2,"column":6},"end":{"line":2,"column":null}},"1":{"start":{"line":4,"column":13},"end":{"line":4,"column":null}},"2":{"start":{"line":8,"column":21},"end":{"line":13,"column":null}},"3":{"start":{"line":9,"column":16},"end":{"line":9,"column":null}},"4":{"start":{"line":10,"column":2},"end":{"line":12,"column":null}},"5":{"start":{"line":11,"column":4},"end":{"line":11,"column":null}},"6":{"start":{"line":15,"column":22},"end":{"line":19,"column":null}},"7":{"start":{"line":16,"column":20},"end":{"line":16,"column":null}},"8":{"start":{"line":17,"column":2},"end":{"line":17,"column":null}},"9":{"start":{"line":18,"column":2},"end":{"line":18,"column":null}},"10":{"start":{"line":23,"column":10},"end":{"line":23,"column":null}},"11":{"start":{"line":24,"column":9},"end":{"line":24,"column":null}},"12":{"start":{"line":33,"column":9},"end":{"line":33,"column":null}},"13":{"start":{"line":43,"column":9},"end":{"line":43,"column":null}},"14":{"start":{"line":50,"column":11},"end":{"line":50,"column":null}},"15":{"start":{"line":29,"column":16},"end":{"line":29,"column":null}},"16":{"start":{"line":35,"column":17},"end":{"line":35,"column":null}}},"fnMap":{"0":{"name":"(anonymous_0)","decl":{"start":{"line":8,"column":21},"end":{"line":8,"column":33}},"loc":{"start":{"line":8,"column":33},"end":{"line":13,"column":null}},"line":8},"1":{"name":"(anonymous_1)","decl":{"start":{"line":15,"column":22},"end":{"line":15,"column":49}},"loc":{"start":{"line":15,"column":49},"end":{"line":19,"column":null}},"line":15},"2":{"name":"(anonymous_2)","decl":{"start":{"line":29,"column":14},"end":{"line":29,"column":16}},"loc":{"start":{"line":29,"column":16},"end":{"line":29,"column":null}},"line":29},"3":{"name":"(anonymous_3)","decl":{"start":{"line":35,"column":17},"end":{"line":35,"column":28}},"loc":{"start":{"line":35,"column":17},"end":{"line":35,"column":null}},"line":35}},"branchMap":{"0":{"loc":{"start":{"line":10,"column":2},"end":{"line":12,"column":null}},"type":"if","locations":[{"start":{"line":10,"column":2},"end":{"line":12,"column":null}},{"start":{},"end":{}}],"line":10},"1":{"loc":{"start":{"line":29,"column":14},"end":{"line":29,"column":null}},"type":"binary-expr","locations":[{"start":{"line":29,"column":14},"end":{"line":29,"column":16}},{"start":{"line":29,"column":14},"end":{"line":29,"column":null}}],"line":29},"2":{"loc":{"start":{"line":35,"column":17},"end":{"line":35,"column":null}},"type":"binary-expr","locations":[{"start":{"line":35,"column":17},"end":{"line":35,"column":28}},{"start":{"line":35,"column":17},"end":{"line":35,"column":null}}],"line":35},"3":{"loc":{"start":{"line":56,"column":8},"end":{"line":58,"column":15}},"type":"binary-expr","locations":[{"start":{"line":56,"column":8},"end":{"line":56,"column":14}},{"start":{"line":56,"column":8},"end":{"line":58,"column":15}}],"line":56}},"s":{"0":4,"1":4,"2":4,"3":0,"4":0,"5":0,"6":4,"7":0,"8":0,"9":0,"10":1,"11":1,"12":1,"13":1,"14":1,"15":1,"16":0},"f":{"0":0,"1":0,"2":1,"3":0},"b":{"0":[0,0],"1":[4,4],"2":[4,4],"3":[4,4]},"meta":{"lastBranch":4,"lastFunction":4,"lastStatement":17,"seen":{"s:2:6:2:Infinity":0,"s:4:13:4:Infinity":1,"s:8:21:13:Infinity":2,"f:8:21:8:33":0,"s:9:16:9:Infinity":3,"b:10:2:12:Infinity:undefined:undefined:undefined:undefined":0,"s:10:2:12:Infinity":4,"s:11:4:11:Infinity":5,"s:15:22:19:Infinity":6,"f:15:22:15:49":1,"s:16:20:16:Infinity":7,"s:17:2:17:Infinity":8,"s:18:2:18:Infinity":9,"s:23:10:23:Infinity":10,"s:24:9:24:Infinity":11,"s:33:9:33:Infinity":12,"s:43:9:43:Infinity":13,"s:50:11:50:Infinity":14,"b:29:14:29:16:29:14:29:Infinity":1,"f:29:14:29:16":2,"s:29:16:29:Infinity":15,"b:35:17:35:28:35:17:35:Infinity":2,"f:35:17:35:28":3,"s:35:17:35:Infinity":16,"b:56:8:56:14:56:8:58:15":3}}}
,"G:\\Libraries\\Documents\\__self-rojects\\hrms-ui\\app\\components\\ui\\ActivityItem.vue": {"path":"G:\\Libraries\\Documents\\__self-rojects\\hrms-ui\\app\\components\\ui\\ActivityItem.vue","statementMap":{"0":{"start":{"line":2,"column":7},"end":{"line":2,"column":null}},"1":{"start":{"line":3,"column":9},"end":{"line":3,"column":null}},"2":{"start":{"line":6,"column":11},"end":{"line":6,"column":null}},"3":{"start":{"line":9,"column":11},"end":{"line":9,"column":null}}},"fnMap":{},"branchMap":{},"s":{"0":1,"1":1,"2":1,"3":1},"f":{},"b":{},"meta":{"lastBranch":0,"lastFunction":0,"lastStatement":4,"seen":{"s:2:7:2:Infinity":0,"s:3:9:3:Infinity":1,"s:6:11:6:Infinity":2,"s:9:11:9:Infinity":3}}}
,"G:\\Libraries\\Documents\\__self-rojects\\hrms-ui\\app\\components\\ui\\EmptyState.vue": {"path":"G:\\Libraries\\Documents\\__self-rojects\\hrms-ui\\app\\components\\ui\\EmptyState.vue","statementMap":{"0":{"start":{"line":2,"column":7},"end":{"line":2,"column":null}},"1":{"start":{"line":7,"column":8},"end":{"line":7,"column":null}},"2":{"start":{"line":10,"column":7},"end":{"line":10,"column":null}},"3":{"start":{"line":13,"column":9},"end":{"line":13,"column":null}}},"fnMap":{},"branchMap":{},"s":{"0":1,"1":1,"2":1,"3":1},"f":{},"b":{},"meta":{"lastBranch":0,"lastFunction":0,"lastStatement":4,"seen":{"s:2:7:2:Infinity":0,"s:7:8:7:Infinity":1,"s:10:7:10:Infinity":2,"s:13:9:13:Infinity":3}}}
,"G:\\Libraries\\Documents\\__self-rojects\\hrms-ui\\app\\components\\ui\\QuickActionCard.vue": {"path":"G:\\Libraries\\Documents\\__self-rojects\\hrms-ui\\app\\components\\ui\\QuickActionCard.vue","statementMap":{"0":{"start":{"line":14,"column":8},"end":{"line":14,"column":null}},"1":{"start":{"line":17,"column":7},"end":{"line":17,"column":null}},"2":{"start":{"line":13,"column":10},"end":{"line":18,"column":null}}},"fnMap":{"0":{"name":"(anonymous_0)","decl":{"start":{"line":6,"column":4},"end":{"line":6,"column":null}},"loc":{"start":{"line":13,"column":10},"end":{"line":18,"column":null}},"line":13}},"branchMap":{},"s":{"0":1,"1":1,"2":4},"f":{"0":4},"b":{},"meta":{"lastBranch":0,"lastFunction":1,"lastStatement":3,"seen":{"s:14:8:14:Infinity":0,"s:17:7:17:Infinity":1,"f:6:4:6:Infinity":0,"s:13:10:18:Infinity":2}}}
,"G:\\Libraries\\Documents\\__self-rojects\\hrms-ui\\app\\composables\\useEmployees.ts": {"path":"G:\\Libraries\\Documents\\__self-rojects\\hrms-ui\\app\\composables\\useEmployees.ts","statementMap":{"0":{"start":{"line":9,"column":68},"end":{"line":13,"column":null}},"1":{"start":{"line":15,"column":48},"end":{"line":18,"column":null}},"2":{"start":{"line":20,"column":37},"end":{"line":21,"column":null}},"3":{"start":{"line":21,"column":2},"end":{"line":21,"column":null}},"4":{"start":{"line":23,"column":28},"end":{"line":136,"column":null}},"5":{"start":{"line":24,"column":8},"end":{"line":24,"column":null}},"6":{"start":{"line":25,"column":8},"end":{"line":25,"column":null}},"7":{"start":{"line":26,"column":8},"end":{"line":26,"column":null}},"8":{"start":{"line":27,"column":8},"end":{"line":27,"column":null}},"9":{"start":{"line":28,"column":8},"end":{"line":28,"column":null}},"10":{"start":{"line":29,"column":8},"end":{"line":29,"column":null}},"11":{"start":{"line":31,"column":20},"end":{"line":31,"column":null}},"12":{"start":{"line":33,"column":30},"end":{"line":34,"column":null}},"13":{"start":{"line":34,"column":4},"end":{"line":34,"column":null}},"14":{"start":{"line":36,"column":24},"end":{"line":51,"column":null}},"15":{"start":{"line":37,"column":25},"end":{"line":46,"column":null}},"16":{"start":{"line":48,"column":4},"end":{"line":50,"column":null}},"17":{"start":{"line":49,"column":6},"end":{"line":49,"column":null}},"18":{"start":{"line":53,"column":8},"end":{"line":70,"column":null}},"19":{"start":{"line":54,"column":19},"end":{"line":54,"column":null}},"20":{"start":{"line":56,"column":18},"end":{"line":56,"column":null}},"21":{"start":{"line":57,"column":4},"end":{"line":59,"column":null}},"22":{"start":{"line":58,"column":6},"end":{"line":58,"column":null}},"23":{"start":{"line":58,"column":40},"end":{"line":58,"column":65}},"24":{"start":{"line":61,"column":4},"end":{"line":63,"column":null}},"25":{"start":{"line":62,"column":6},"end":{"line":62,"column":null}},"26":{"start":{"line":62,"column":40},"end":{"line":62,"column":81}},"27":{"start":{"line":65,"column":4},"end":{"line":67,"column":null}},"28":{"start":{"line":66,"column":6},"end":{"line":66,"column":null}},"29":{"start":{"line":66,"column":40},"end":{"line":66,"column":73}},"30":{"start":{"line":69,"column":4},"end":{"line":69,"column":null}},"31":{"start":{"line":72,"column":8},"end":{"line":76,"column":null}},"32":{"start":{"line":73,"column":10},"end":{"line":73,"column":null}},"33":{"start":{"line":74,"column":16},"end":{"line":74,"column":null}},"34":{"start":{"line":75,"column":4},"end":{"line":75,"column":null}},"35":{"start":{"line":78,"column":8},"end":{"line":80,"column":null}},"36":{"start":{"line":79,"column":4},"end":{"line":79,"column":null}},"37":{"start":{"line":82,"column":8},"end":{"line":84,"column":null}},"38":{"start":{"line":83,"column":4},"end":{"line":83,"column":null}},"39":{"start":{"line":86,"column":2},"end":{"line":90,"column":null}},"40":{"start":{"line":87,"column":4},"end":{"line":89,"column":null}},"41":{"start":{"line":88,"column":6},"end":{"line":88,"column":null}},"42":{"start":{"line":92,"column":23},"end":{"line":95,"column":null}},"43":{"start":{"line":93,"column":4},"end":{"line":93,"column":null}},"44":{"start":{"line":94,"column":4},"end":{"line":94,"column":null}},"45":{"start":{"line":97,"column":29},"end":{"line":101,"column":null}},"46":{"start":{"line":98,"column":4},"end":{"line":98,"column":null}},"47":{"start":{"line":99,"column":4},"end":{"line":99,"column":null}},"48":{"start":{"line":100,"column":4},"end":{"line":100,"column":null}},"49":{"start":{"line":103,"column":27},"end":{"line":105,"column":null}},"50":{"start":{"line":104,"column":4},"end":{"line":104,"column":null}},"51":{"start":{"line":107,"column":27},"end":{"line":109,"column":null}},"52":{"start":{"line":108,"column":4},"end":{"line":108,"column":null}},"53":{"start":{"line":111,"column":23},"end":{"line":116,"column":null}},"54":{"start":{"line":112,"column":4},"end":{"line":112,"column":null}},"55":{"start":{"line":113,"column":4},"end":{"line":113,"column":null}},"56":{"start":{"line":114,"column":4},"end":{"line":114,"column":null}},"57":{"start":{"line":115,"column":4},"end":{"line":115,"column":null}},"58":{"start":{"line":118,"column":2},"end":{"line":135,"column":null}}},"fnMap":{"0":{"name":"(anonymous_0)","decl":{"start":{"line":20,"column":37},"end":{"line":20,"column":38}},"loc":{"start":{"line":21,"column":2},"end":{"line":21,"column":null}},"line":21},"1":{"name":"(anonymous_1)","decl":{"start":{"line":23,"column":28},"end":{"line":23,"column":34}},"loc":{"start":{"line":23,"column":34},"end":{"line":136,"column":null}},"line":23},"2":{"name":"(anonymous_2)","decl":{"start":{"line":33,"column":30},"end":{"line":33,"column":31}},"loc":{"start":{"line":34,"column":4},"end":{"line":34,"column":null}},"line":34},"3":{"name":"(anonymous_3)","decl":{"start":{"line":36,"column":24},"end":{"line":36,"column":25}},"loc":{"start":{"line":36,"column":72},"end":{"line":51,"column":null}},"line":36},"4":{"name":"(anonymous_4)","decl":{"start":{"line":48,"column":29},"end":{"line":48,"column":null}},"loc":{"start":{"line":49,"column":6},"end":{"line":49,"column":null}},"line":49},"5":{"name":"(anonymous_5)","decl":{"start":{"line":53,"column":40},"end":{"line":53,"column":46}},"loc":{"start":{"line":53,"column":46},"end":{"line":70,"column":3}},"line":53},"6":{"name":"(anonymous_6)","decl":{"start":{"line":58,"column":33},"end":{"line":58,"column":40}},"loc":{"start":{"line":58,"column":40},"end":{"line":58,"column":65}},"line":58},"7":{"name":"(anonymous_7)","decl":{"start":{"line":62,"column":33},"end":{"line":62,"column":40}},"loc":{"start":{"line":62,"column":40},"end":{"line":62,"column":81}},"line":62},"8":{"name":"(anonymous_8)","decl":{"start":{"line":66,"column":33},"end":{"line":66,"column":40}},"loc":{"start":{"line":66,"column":40},"end":{"line":66,"column":73}},"line":66},"9":{"name":"(anonymous_9)","decl":{"start":{"line":72,"column":37},"end":{"line":72,"column":43}},"loc":{"start":{"line":72,"column":43},"end":{"line":76,"column":3}},"line":72},"10":{"name":"(anonymous_10)","decl":{"start":{"line":78,"column":30},"end":{"line":78,"column":null}},"loc":{"start":{"line":79,"column":4},"end":{"line":79,"column":null}},"line":79},"11":{"name":"(anonymous_11)","decl":{"start":{"line":82,"column":30},"end":{"line":82,"column":null}},"loc":{"start":{"line":83,"column":4},"end":{"line":83,"column":null}},"line":83},"12":{"name":"(anonymous_12)","decl":{"start":{"line":86,"column":14},"end":{"line":86,"column":20}},"loc":{"start":{"line":86,"column":20},"end":{"line":90,"column":3}},"line":86},"13":{"name":"(anonymous_13)","decl":{"start":{"line":92,"column":23},"end":{"line":92,"column":24}},"loc":{"start":{"line":92,"column":48},"end":{"line":95,"column":null}},"line":92},"14":{"name":"(anonymous_14)","decl":{"start":{"line":97,"column":29},"end":{"line":97,"column":30}},"loc":{"start":{"line":97,"column":90},"end":{"line":101,"column":null}},"line":97},"15":{"name":"(anonymous_15)","decl":{"start":{"line":103,"column":27},"end":{"line":103,"column":28}},"loc":{"start":{"line":103,"column":53},"end":{"line":105,"column":null}},"line":103},"16":{"name":"(anonymous_16)","decl":{"start":{"line":107,"column":27},"end":{"line":107,"column":28}},"loc":{"start":{"line":107,"column":51},"end":{"line":109,"column":null}},"line":107},"17":{"name":"(anonymous_17)","decl":{"start":{"line":111,"column":23},"end":{"line":111,"column":35}},"loc":{"start":{"line":111,"column":35},"end":{"line":116,"column":null}},"line":111}},"branchMap":{"0":{"loc":{"start":{"line":21,"column":2},"end":{"line":21,"column":null}},"type":"binary-expr","locations":[{"start":{"line":21,"column":2},"end":{"line":21,"column":25}},{"start":{"line":21,"column":25},"end":{"line":21,"column":null}}],"line":21},"1":{"loc":{"start":{"line":57,"column":4},"end":{"line":59,"column":null}},"type":"if","locations":[{"start":{"line":57,"column":4},"end":{"line":59,"column":null}},{"start":{},"end":{}}],"line":57},"2":{"loc":{"start":{"line":61,"column":4},"end":{"line":63,"column":null}},"type":"if","locations":[{"start":{"line":61,"column":4},"end":{"line":63,"column":null}},{"start":{},"end":{}}],"line":61},"3":{"loc":{"start":{"line":65,"column":4},"end":{"line":67,"column":null}},"type":"if","locations":[{"start":{"line":65,"column":4},"end":{"line":67,"column":null}},{"start":{},"end":{}}],"line":65},"4":{"loc":{"start":{"line":83,"column":12},"end":{"line":83,"column":84}},"type":"binary-expr","locations":[{"start":{"line":83,"column":12},"end":{"line":83,"column":38}},{"start":{"line":83,"column":38},"end":{"line":83,"column":60}},{"start":{"line":83,"column":60},"end":{"line":83,"column":84}}],"line":83},"5":{"loc":{"start":{"line":87,"column":4},"end":{"line":89,"column":null}},"type":"if","locations":[{"start":{"line":87,"column":4},"end":{"line":89,"column":null}},{"start":{},"end":{}}],"line":87},"6":{"loc":{"start":{"line":87,"column":8},"end":{"line":87,"column":70}},"type":"binary-expr","locations":[{"start":{"line":87,"column":8},"end":{"line":87,"column":48}},{"start":{"line":87,"column":48},"end":{"line":87,"column":70}}],"line":87}},"s":{"0":1,"1":1,"2":1,"3":3,"4":1,"5":11,"6":11,"7":11,"8":11,"9":11,"10":11,"11":11,"12":11,"13":100,"14":11,"15":12,"16":12,"17":82,"18":11,"19":18,"20":18,"21":18,"22":4,"23":12,"24":18,"25":2,"26":4,"27":18,"28":2,"29":4,"30":18,"31":11,"32":2,"33":2,"34":2,"35":11,"36":19,"37":11,"38":4,"39":11,"40":15,"41":0,"42":11,"43":5,"44":5,"45":11,"46":4,"47":4,"48":4,"49":11,"50":1,"51":11,"52":1,"53":11,"54":1,"55":1,"56":1,"57":1,"58":11},"f":{"0":3,"1":11,"2":100,"3":12,"4":82,"5":18,"6":12,"7":4,"8":4,"9":2,"10":19,"11":4,"12":15,"13":5,"14":4,"15":1,"16":1,"17":1},"b":{"0":[3,0],"1":[4,14],"2":[2,16],"3":[2,16],"4":[4,3,3],"5":[0,15],"6":[15,2]},"meta":{"lastBranch":7,"lastFunction":18,"lastStatement":59,"seen":{"s:9:68:13:Infinity":0,"s:15:48:18:Infinity":1,"s:20:37:21:Infinity":2,"f:20:37:20:38":0,"s:21:2:21:Infinity":3,"b:21:2:21:25:21:25:21:Infinity":0,"s:23:28:136:Infinity":4,"f:23:28:23:34":1,"s:24:8:24:Infinity":5,"s:25:8:25:Infinity":6,"s:26:8:26:Infinity":7,"s:27:8:27:Infinity":8,"s:28:8:28:Infinity":9,"s:29:8:29:Infinity":10,"s:31:20:31:Infinity":11,"s:33:30:34:Infinity":12,"f:33:30:33:31":2,"s:34:4:34:Infinity":13,"s:36:24:51:Infinity":14,"f:36:24:36:25":3,"s:37:25:46:Infinity":15,"s:48:4:50:Infinity":16,"f:48:29:48:Infinity":4,"s:49:6:49:Infinity":17,"s:53:8:70:Infinity":18,"f:53:40:53:46":5,"s:54:19:54:Infinity":19,"s:56:18:56:Infinity":20,"b:57:4:59:Infinity:undefined:undefined:undefined:undefined":1,"s:57:4:59:Infinity":21,"s:58:6:58:Infinity":22,"f:58:33:58:40":6,"s:58:40:58:65":23,"b:61:4:63:Infinity:undefined:undefined:undefined:undefined":2,"s:61:4:63:Infinity":24,"s:62:6:62:Infinity":25,"f:62:33:62:40":7,"s:62:40:62:81":26,"b:65:4:67:Infinity:undefined:undefined:undefined:undefined":3,"s:65:4:67:Infinity":27,"s:66:6:66:Infinity":28,"f:66:33:66:40":8,"s:66:40:66:73":29,"s:69:4:69:Infinity":30,"s:72:8:76:Infinity":31,"f:72:37:72:43":9,"s:73:10:73:Infinity":32,"s:74:16:74:Infinity":33,"s:75:4:75:Infinity":34,"s:78:8:80:Infinity":35,"f:78:30:78:Infinity":10,"s:79:4:79:Infinity":36,"s:82:8:84:Infinity":37,"f:82:30:82:Infinity":11,"s:83:4:83:Infinity":38,"b:83:12:83:38:83:38:83:60:83:60:83:84":4,"s:86:2:90:Infinity":39,"f:86:14:86:20":12,"b:87:4:89:Infinity:undefined:undefined:undefined:undefined":5,"s:87:4:89:Infinity":40,"b:87:8:87:48:87:48:87:70":6,"s:88:6:88:Infinity":41,"s:92:23:95:Infinity":42,"f:92:23:92:24":13,"s:93:4:93:Infinity":43,"s:94:4:94:Infinity":44,"s:97:29:101:Infinity":45,"f:97:29:97:30":14,"s:98:4:98:Infinity":46,"s:99:4:99:Infinity":47,"s:100:4:100:Infinity":48,"s:103:27:105:Infinity":49,"f:103:27:103:28":15,"s:104:4:104:Infinity":50,"s:107:27:109:Infinity":51,"f:107:27:107:28":16,"s:108:4:108:Infinity":52,"s:111:23:116:Infinity":53,"f:111:23:111:35":17,"s:112:4:112:Infinity":54,"s:113:4:113:Infinity":55,"s:114:4:114:Infinity":56,"s:115:4:115:Infinity":57,"s:118:2:135:Infinity":58}}}
,"G:\\Libraries\\Documents\\__self-rojects\\hrms-ui\\app\\composables\\useFormatters.ts": {"path":"G:\\Libraries\\Documents\\__self-rojects\\hrms-ui\\app\\composables\\useFormatters.ts","statementMap":{"0":{"start":{"line":1,"column":29},"end":{"line":64,"column":null}},"1":{"start":{"line":2,"column":21},"end":{"line":12,"column":null}},"2":{"start":{"line":3,"column":20},"end":{"line":3,"column":null}},"3":{"start":{"line":5,"column":48},"end":{"line":9,"column":null}},"4":{"start":{"line":11,"column":4},"end":{"line":11,"column":null}},"5":{"start":{"line":14,"column":25},"end":{"line":19,"column":null}},"6":{"start":{"line":15,"column":4},"end":{"line":18,"column":null}},"7":{"start":{"line":21,"column":22},"end":{"line":30,"column":null}},"8":{"start":{"line":22,"column":20},"end":{"line":22,"column":null}},"9":{"start":{"line":23,"column":18},"end":{"line":23,"column":null}},"10":{"start":{"line":25,"column":4},"end":{"line":27,"column":null}},"11":{"start":{"line":26,"column":6},"end":{"line":26,"column":null}},"12":{"start":{"line":29,"column":4},"end":{"line":29,"column":null}},"13":{"start":{"line":32,"column":21},"end":{"line":34,"column":null}},"14":{"start":{"line":33,"column":4},"end":{"line":33,"column":null}},"15":{"start":{"line":36,"column":25},"end":{"line":38,"column":null}},"16":{"start":{"line":37,"column":4},"end":{"line":37,"column":null}},"17":{"start":{"line":40,"column":25},"end":{"line":48,"column":null}},"18":{"start":{"line":41,"column":4},"end":{"line":41,"column":null}},"19":{"start":{"line":41,"column":21},"end":{"line":41,"column":null}},"20":{"start":{"line":43,"column":14},"end":{"line":43,"column":null}},"21":{"start":{"line":44,"column":18},"end":{"line":44,"column":null}},"22":{"start":{"line":45,"column":14},"end":{"line":45,"column":null}},"23":{"start":{"line":47,"column":4},"end":{"line":47,"column":null}},"24":{"start":{"line":50,"column":19},"end":{"line":53,"column":null}},"25":{"start":{"line":51,"column":4},"end":{"line":51,"column":null}},"26":{"start":{"line":51,"column":31},"end":{"line":51,"column":null}},"27":{"start":{"line":52,"column":4},"end":{"line":52,"column":null}},"28":{"start":{"line":55,"column":2},"end":{"line":63,"column":null}}},"fnMap":{"0":{"name":"(anonymous_0)","decl":{"start":{"line":1,"column":29},"end":{"line":1,"column":35}},"loc":{"start":{"line":1,"column":35},"end":{"line":64,"column":null}},"line":1},"1":{"name":"(anonymous_1)","decl":{"start":{"line":2,"column":21},"end":{"line":2,"column":22}},"loc":{"start":{"line":2,"column":99},"end":{"line":12,"column":null}},"line":2},"2":{"name":"(anonymous_2)","decl":{"start":{"line":14,"column":25},"end":{"line":14,"column":26}},"loc":{"start":{"line":14,"column":79},"end":{"line":19,"column":null}},"line":14},"3":{"name":"(anonymous_3)","decl":{"start":{"line":21,"column":22},"end":{"line":21,"column":23}},"loc":{"start":{"line":21,"column":49},"end":{"line":30,"column":null}},"line":21},"4":{"name":"(anonymous_4)","decl":{"start":{"line":32,"column":21},"end":{"line":32,"column":22}},"loc":{"start":{"line":32,"column":70},"end":{"line":34,"column":null}},"line":32},"5":{"name":"(anonymous_5)","decl":{"start":{"line":36,"column":25},"end":{"line":36,"column":26}},"loc":{"start":{"line":36,"column":74},"end":{"line":38,"column":null}},"line":36},"6":{"name":"(anonymous_6)","decl":{"start":{"line":40,"column":25},"end":{"line":40,"column":26}},"loc":{"start":{"line":40,"column":52},"end":{"line":48,"column":null}},"line":40},"7":{"name":"(anonymous_7)","decl":{"start":{"line":50,"column":19},"end":{"line":50,"column":20}},"loc":{"start":{"line":50,"column":85},"end":{"line":53,"column":null}},"line":50}},"branchMap":{"0":{"loc":{"start":{"line":2,"column":43},"end":{"line":2,"column":99}},"type":"default-arg","locations":[{"start":{"line":2,"column":79},"end":{"line":2,"column":99}}],"line":2},"1":{"loc":{"start":{"line":3,"column":20},"end":{"line":3,"column":null}},"type":"cond-expr","locations":[{"start":{"line":3,"column":47},"end":{"line":3,"column":64}},{"start":{"line":3,"column":64},"end":{"line":3,"column":null}}],"line":3},"2":{"loc":{"start":{"line":14,"column":42},"end":{"line":14,"column":79}},"type":"default-arg","locations":[{"start":{"line":14,"column":61},"end":{"line":14,"column":79}}],"line":14},"3":{"loc":{"start":{"line":25,"column":4},"end":{"line":27,"column":null}},"type":"if","locations":[{"start":{"line":25,"column":4},"end":{"line":27,"column":null}},{"start":{},"end":{}}],"line":25},"4":{"loc":{"start":{"line":41,"column":4},"end":{"line":41,"column":null}},"type":"if","locations":[{"start":{"line":41,"column":4},"end":{"line":41,"column":null}},{"start":{},"end":{}}],"line":41},"5":{"loc":{"start":{"line":50,"column":50},"end":{"line":50,"column":85}},"type":"default-arg","locations":[{"start":{"line":50,"column":67},"end":{"line":50,"column":85}}],"line":50},"6":{"loc":{"start":{"line":51,"column":4},"end":{"line":51,"column":null}},"type":"if","locations":[{"start":{"line":51,"column":4},"end":{"line":51,"column":null}},{"start":{},"end":{}}],"line":51}},"s":{"0":1,"1":1,"2":3,"3":3,"4":3,"5":1,"6":2,"7":1,"8":3,"9":3,"10":3,"11":2,"12":1,"13":1,"14":1,"15":1,"16":2,"17":1,"18":4,"19":1,"20":3,"21":3,"22":3,"23":3,"24":1,"25":3,"26":1,"27":2,"28":1},"f":{"0":1,"1":3,"2":2,"3":3,"4":1,"5":2,"6":4,"7":3},"b":{"0":[3],"1":[2,1],"2":[2],"3":[2,1],"4":[1,3],"5":[3],"6":[1,2]},"meta":{"lastBranch":7,"lastFunction":8,"lastStatement":29,"seen":{"s:1:29:64:Infinity":0,"f:1:29:1:35":0,"s:2:21:12:Infinity":1,"f:2:21:2:22":1,"b:2:79:2:99":0,"s:3:20:3:Infinity":2,"b:3:47:3:64:3:64:3:Infinity":1,"s:5:48:9:Infinity":3,"s:11:4:11:Infinity":4,"s:14:25:19:Infinity":5,"f:14:25:14:26":2,"b:14:61:14:79":2,"s:15:4:18:Infinity":6,"s:21:22:30:Infinity":7,"f:21:22:21:23":3,"s:22:20:22:Infinity":8,"s:23:18:23:Infinity":9,"b:25:4:27:Infinity:undefined:undefined:undefined:undefined":3,"s:25:4:27:Infinity":10,"s:26:6:26:Infinity":11,"s:29:4:29:Infinity":12,"s:32:21:34:Infinity":13,"f:32:21:32:22":4,"s:33:4:33:Infinity":14,"s:36:25:38:Infinity":15,"f:36:25:36:26":5,"s:37:4:37:Infinity":16,"s:40:25:48:Infinity":17,"f:40:25:40:26":6,"b:41:4:41:Infinity:undefined:undefined:undefined:undefined":4,"s:41:4:41:Infinity":18,"s:41:21:41:Infinity":19,"s:43:14:43:Infinity":20,"s:44:18:44:Infinity":21,"s:45:14:45:Infinity":22,"s:47:4:47:Infinity":23,"s:50:19:53:Infinity":24,"f:50:19:50:20":7,"b:50:67:50:85":5,"b:51:4:51:Infinity:undefined:undefined:undefined:undefined":6,"s:51:4:51:Infinity":25,"s:51:31:51:Infinity":26,"s:52:4:52:Infinity":27,"s:55:2:63:Infinity":28}}}
,"G:\\Libraries\\Documents\\__self-rojects\\hrms-ui\\app\\composables\\useModal.ts": {"path":"G:\\Libraries\\Documents\\__self-rojects\\hrms-ui\\app\\composables\\useModal.ts","statementMap":{"0":{"start":{"line":3,"column":24},"end":{"line":24,"column":null}},"1":{"start":{"line":4,"column":8},"end":{"line":4,"column":null}},"2":{"start":{"line":6,"column":15},"end":{"line":8,"column":null}},"3":{"start":{"line":7,"column":4},"end":{"line":7,"column":null}},"4":{"start":{"line":10,"column":16},"end":{"line":12,"column":null}},"5":{"start":{"line":11,"column":4},"end":{"line":11,"column":null}},"6":{"start":{"line":14,"column":17},"end":{"line":16,"column":null}},"7":{"start":{"line":15,"column":4},"end":{"line":15,"column":null}},"8":{"start":{"line":18,"column":2},"end":{"line":23,"column":null}}},"fnMap":{"0":{"name":"(anonymous_0)","decl":{"start":{"line":3,"column":24},"end":{"line":3,"column":30}},"loc":{"start":{"line":3,"column":30},"end":{"line":24,"column":null}},"line":3},"1":{"name":"(anonymous_1)","decl":{"start":{"line":6,"column":15},"end":{"line":6,"column":27}},"loc":{"start":{"line":6,"column":27},"end":{"line":8,"column":null}},"line":6},"2":{"name":"(anonymous_2)","decl":{"start":{"line":10,"column":16},"end":{"line":10,"column":28}},"loc":{"start":{"line":10,"column":28},"end":{"line":12,"column":null}},"line":10},"3":{"name":"(anonymous_3)","decl":{"start":{"line":14,"column":17},"end":{"line":14,"column":29}},"loc":{"start":{"line":14,"column":29},"end":{"line":16,"column":null}},"line":14}},"branchMap":{},"s":{"0":1,"1":5,"2":5,"3":4,"4":5,"5":3,"6":5,"7":2,"8":5},"f":{"0":5,"1":4,"2":3,"3":2},"b":{},"meta":{"lastBranch":0,"lastFunction":4,"lastStatement":9,"seen":{"s:3:24:24:Infinity":0,"f:3:24:3:30":0,"s:4:8:4:Infinity":1,"s:6:15:8:Infinity":2,"f:6:15:6:27":1,"s:7:4:7:Infinity":3,"s:10:16:12:Infinity":4,"f:10:16:10:28":2,"s:11:4:11:Infinity":5,"s:14:17:16:Infinity":6,"f:14:17:14:29":3,"s:15:4:15:Infinity":7,"s:18:2:23:Infinity":8}}}
}
